# JRE version: OpenJDK Runtime Environment (8.0_202-b03) (build 1.8.0_202-release-1483-b03)
# Java VM: OpenJDK 64-Bit Server VM (25.202-b03 mixed mode windows-amd64 compressed oops)
Heap:
 PSYoungGen      total 136704K, used 90269K [0x00000000f5580000, 0x00000000fff00000, 0x0000000100000000)
  eden space 102400K, 84% used [0x00000000f5580000,0x00000000faa47280,0x00000000fb980000)
  from space 34304K, 10% used [0x00000000fb980000,0x00000000fbce0208,0x00000000fdb00000)
  to   space 33280K, 0% used [0x00000000fde80000,0x00000000fde80000,0x00000000fff00000)
 ParOldGen       total 349696K, used 109526K [0x00000000e0000000, 0x00000000f5580000, 0x00000000f5580000)
  object space 349696K, 31% used [0x00000000e0000000,0x00000000e6af5bd0,0x00000000f5580000)
 Metaspace       used 108723K, capacity 114026K, committed 114816K, reserved 1148928K
  class space    used 13861K, capacity 14918K, committed 15232K, reserved 1048576K
GC Heap History (10 events):
Event: 325.780 GC heap before
{Heap before GC invocations=146 (full 7):
 PSYoungGen      total 134144K, used 97773K [0x00000000f5580000, 0x00000000fff00000, 0x0000000100000000)
  eden space 95744K, 99% used [0x00000000f5580000,0x00000000fb2ff630,0x00000000fb300000)
  from space 38400K, 5% used [0x00000000fd980000,0x00000000fdb7c010,0x00000000fff00000)
  to   space 38912K, 0% used [0x00000000fb300000,0x00000000fb300000,0x00000000fd900000)
 ParOldGen       total 349696K, used 104242K [0x00000000e0000000, 0x00000000f5580000, 0x00000000f5580000)
  object space 349696K, 29% used [0x00000000e0000000,0x00000000e65cca18,0x00000000f5580000)
 Metaspace       used 108683K, capacity 114020K, committed 114816K, reserved 1148928K
  class space    used 13860K, capacity 14917K, committed 15232K, reserved 1048576K
Event: 325.786 GC heap after
Heap after GC invocations=146 (full 7):
 PSYoungGen      total 134656K, used 3669K [0x00000000f5580000, 0x00000000fff80000, 0x0000000100000000)
  eden space 95744K, 0% used [0x00000000f5580000,0x00000000f5580000,0x00000000fb300000)
  from space 38912K, 9% used [0x00000000fb300000,0x00000000fb695740,0x00000000fd900000)
  to   space 38400K, 0% used [0x00000000fda00000,0x00000000fda00000,0x00000000fff80000)
 ParOldGen       total 349696K, used 104242K [0x00000000e0000000, 0x00000000f5580000, 0x00000000f5580000)
  object space 349696K, 29% used [0x00000000e0000000,0x00000000e65cca18,0x00000000f5580000)
 Metaspace       used 108683K, capacity 114020K, committed 114816K, reserved 1148928K
  class space    used 13860K, capacity 14917K, committed 15232K, reserved 1048576K
}
Event: 325.955 GC heap before
{Heap before GC invocations=147 (full 7):
 PSYoungGen      total 134656K, used 99413K [0x00000000f5580000, 0x00000000fff80000, 0x0000000100000000)
  eden space 95744K, 100% used [0x00000000f5580000,0x00000000fb300000,0x00000000fb300000)
  from space 38912K, 9% used [0x00000000fb300000,0x00000000fb695740,0x00000000fd900000)
  to   space 38400K, 0% used [0x00000000fda00000,0x00000000fda00000,0x00000000fff80000)
 ParOldGen       total 349696K, used 104242K [0x00000000e0000000, 0x00000000f5580000, 0x00000000f5580000)
  object space 349696K, 29% used [0x00000000e0000000,0x00000000e65cca18,0x00000000f5580000)
 Metaspace       used 108690K, capacity 114020K, committed 114816K, reserved 1148928K
  class space    used 13860K, capacity 14917K, committed 15232K, reserved 1048576K
Event: 325.962 GC heap after
Heap after GC invocations=147 (full 7):
 PSYoungGen      total 132608K, used 9124K [0x00000000f5580000, 0x00000000ffc80000, 0x0000000100000000)
  eden space 97280K, 0% used [0x00000000f5580000,0x00000000f5580000,0x00000000fb480000)
  from space 35328K, 25% used [0x00000000fda00000,0x00000000fe2e9030,0x00000000ffc80000)
  to   space 36864K, 0% used [0x00000000fb480000,0x00000000fb480000,0x00000000fd880000)
 ParOldGen       total 349696K, used 104242K [0x00000000e0000000, 0x00000000f5580000, 0x00000000f5580000)
  object space 349696K, 29% used [0x00000000e0000000,0x00000000e65cca18,0x00000000f5580000)
 Metaspace       used 108690K, capacity 114020K, committed 114816K, reserved 1148928K
  class space    used 13860K, capacity 14917K, committed 15232K, reserved 1048576K
}
Event: 326.075 GC heap before
{Heap before GC invocations=148 (full 7):
 PSYoungGen      total 132608K, used 106404K [0x00000000f5580000, 0x00000000ffc80000, 0x0000000100000000)
  eden space 97280K, 100% used [0x00000000f5580000,0x00000000fb480000,0x00000000fb480000)
  from space 35328K, 25% used [0x00000000fda00000,0x00000000fe2e9030,0x00000000ffc80000)
  to   space 36864K, 0% used [0x00000000fb480000,0x00000000fb480000,0x00000000fd880000)
 ParOldGen       total 349696K, used 104242K [0x00000000e0000000, 0x00000000f5580000, 0x00000000f5580000)
  object space 349696K, 29% used [0x00000000e0000000,0x00000000e65cca18,0x00000000f5580000)
 Metaspace       used 108692K, capacity 114020K, committed 114816K, reserved 1148928K
  class space    used 13860K, capacity 14917K, committed 15232K, reserved 1048576K
Event: 326.082 GC heap after
Heap after GC invocations=148 (full 7):
 PSYoungGen      total 134144K, used 7885K [0x00000000f5580000, 0x00000000ffe80000, 0x0000000100000000)
  eden space 97280K, 0% used [0x00000000f5580000,0x00000000f5580000,0x00000000fb480000)
  from space 36864K, 21% used [0x00000000fb480000,0x00000000fbc337e0,0x00000000fd880000)
  to   space 35328K, 0% used [0x00000000fdc00000,0x00000000fdc00000,0x00000000ffe80000)
 ParOldGen       total 349696K, used 104242K [0x00000000e0000000, 0x00000000f5580000, 0x00000000f5580000)
  object space 349696K, 29% used [0x00000000e0000000,0x00000000e65cca18,0x00000000f5580000)
 Metaspace       used 108692K, capacity 114020K, committed 114816K, reserved 1148928K
  class space    used 13860K, capacity 14917K, committed 15232K, reserved 1048576K
}
Event: 326.173 GC heap before
{Heap before GC invocations=149 (full 7):
 PSYoungGen      total 134144K, used 105165K [0x00000000f5580000, 0x00000000ffe80000, 0x0000000100000000)
  eden space 97280K, 100% used [0x00000000f5580000,0x00000000fb480000,0x00000000fb480000)
  from space 36864K, 21% used [0x00000000fb480000,0x00000000fbc337e0,0x00000000fd880000)
  to   space 35328K, 0% used [0x00000000fdc00000,0x00000000fdc00000,0x00000000ffe80000)
 ParOldGen       total 349696K, used 104242K [0x00000000e0000000, 0x00000000f5580000, 0x00000000f5580000)
  object space 349696K, 29% used [0x00000000e0000000,0x00000000e65cca18,0x00000000f5580000)
 Metaspace       used 108701K, capacity 114026K, committed 114816K, reserved 1148928K
  class space    used 13861K, capacity 14918K, committed 15232K, reserved 1048576K
Event: 326.181 GC heap after
Heap after GC invocations=149 (full 7):
 PSYoungGen      total 135680K, used 6260K [0x00000000f5580000, 0x00000000ffc80000, 0x0000000100000000)
  eden space 102400K, 0% used [0x00000000f5580000,0x00000000f5580000,0x00000000fb980000)
  from space 33280K, 18% used [0x00000000fdc00000,0x00000000fe21d378,0x00000000ffc80000)
  to   space 34304K, 0% used [0x00000000fb980000,0x00000000fb980000,0x00000000fdb00000)
 ParOldGen       total 349696K, used 105957K [0x00000000e0000000, 0x00000000f5580000, 0x00000000f5580000)
  object space 349696K, 30% used [0x00000000e0000000,0x00000000e6779470,0x00000000f5580000)
 Metaspace       used 108701K, capacity 114026K, committed 114816K, reserved 1148928K
  class space    used 13861K, capacity 14918K, committed 15232K, reserved 1048576K
}
Event: 326.282 GC heap before
{Heap before GC invocations=150 (full 7):
 PSYoungGen      total 135680K, used 108660K [0x00000000f5580000, 0x00000000ffc80000, 0x0000000100000000)
  eden space 102400K, 100% used [0x00000000f5580000,0x00000000fb980000,0x00000000fb980000)
  from space 33280K, 18% used [0x00000000fdc00000,0x00000000fe21d378,0x00000000ffc80000)
  to   space 34304K, 0% used [0x00000000fb980000,0x00000000fb980000,0x00000000fdb00000)
 ParOldGen       total 349696K, used 105957K [0x00000000e0000000, 0x00000000f5580000, 0x00000000f5580000)
  object space 349696K, 30% used [0x00000000e0000000,0x00000000e6779470,0x00000000f5580000)
 Metaspace       used 108708K, capacity 114026K, committed 114816K, reserved 1148928K
  class space    used 13861K, capacity 14918K, committed 15232K, reserved 1048576K
Event: 326.289 GC heap after
Heap after GC invocations=150 (full 7):
 PSYoungGen      total 136704K, used 3456K [0x00000000f5580000, 0x00000000fff00000, 0x0000000100000000)
  eden space 102400K, 0% used [0x00000000f5580000,0x00000000f5580000,0x00000000fb980000)
  from space 34304K, 10% used [0x00000000fb980000,0x00000000fbce0208,0x00000000fdb00000)
  to   space 33280K, 0% used [0x00000000fde80000,0x00000000fde80000,0x00000000fff00000)
 ParOldGen       total 349696K, used 109526K [0x00000000e0000000, 0x00000000f5580000, 0x00000000f5580000)
  object space 349696K, 31% used [0x00000000e0000000,0x00000000e6af5bd0,0x00000000f5580000)
 Metaspace       used 108708K, capacity 114026K, committed 114816K, reserved 1148928K
  class space    used 13861K, capacity 14918K, committed 15232K, reserved 1048576K
}

